<?xml version="1.0" encoding="UTF-8"?>
<!-- Generated by org.testng.reporters.JUnitXMLReporter -->
<testsuite ignored="0" hostname="Swaraj" failures="0" tests="5" name="AccordionTest" time="21.963" errors="0" timestamp="2022-11-30T22:57:08 IST">
  <testcase classname="test.AccordionTest" name="clickonwedgits" time="0.208"/>
  <testcase classname="test.AccordionTest" name="clickonaccordion" time="0.365"/>
  <testcase classname="test.AccordionTest" name="clickonparagraph1" time="1.28"/>
  <testcase classname="test.AccordionTest" name="clickonparagraph2" time="1.254"/>
  <testcase classname="test.AccordionTest" name="clickonparagraph3" time="0.288"/>
</testsuite> <!-- AccordionTest -->
