<?xml version="1.0" encoding="UTF-8"?>
<!-- Generated by org.testng.reporters.JUnitXMLReporter -->
<testsuite ignored="0" hostname="Swaraj" failures="0" tests="6" name="AlertTest" time="53.42" errors="0" timestamp="2022-11-08T15:37:49 IST">
  <testcase classname="test.AlertsTest" name="clickonalertbutton" time="0.552"/>
  <testcase classname="test.AlertsTest" name="clickmealert" time="0.364"/>
  <testcase classname="test.AlertsTest" name="clickme" time="0.939"/>
  <testcase classname="test.AlertsTest" name="clickonaftersec" time="5.662"/>
  <testcase classname="test.AlertsTest" name="clickonconfirm" time="0.305"/>
  <testcase classname="test.AlertsTest" name="clockonmyprompt" time="0.33"/>
</testsuite> <!-- AlertTest -->
