<?xml version="1.0" encoding="UTF-8"?>
<!-- Generated by org.testng.reporters.JUnitXMLReporter -->
<testsuite ignored="0" hostname="Swaraj" failures="0" tests="5" name="browser_windowstest" time="79.055" errors="0" timestamp="2024-09-26T22:14:17 IST">
  <testcase classname="test.Browser_windowstest" name="clickon_alertandwindowstest" time="0.472"/>
  <testcase classname="test.Browser_windowstest" name="clickonBrowserwindowstest" time="0.582"/>
  <testcase classname="test.Browser_windowstest" name="clickon_newtabtest" time="0.862"/>
  <testcase classname="test.Browser_windowstest" name="clickonNEWwindowstest" time="1.076"/>
  <testcase classname="test.Browser_windowstest" name="clickonNEWwindowstabtest" time="1.185"/>
</testsuite> <!-- browser_windowstest -->
