<?xml version="1.0" encoding="UTF-8"?>
<!-- Generated by org.testng.reporters.JUnitXMLReporter -->
<testsuite ignored="0" hostname="Swaraj" failures="0" tests="5" name="Browerwindow" time="39.079" errors="0" timestamp="2022-11-08T15:41:37 IST">
  <testcase classname="test.BrowserWindowTest" name="alertbutton" time="0.714"/>
  <testcase classname="test.BrowserWindowTest" name="browerwinbutton" time="0.305"/>
  <testcase classname="test.BrowserWindowTest" name="newtab" time="0.762"/>
  <testcase classname="test.BrowserWindowTest" name="newWindow" time="0.918"/>
  <testcase classname="test.BrowserWindowTest" name="newWinMassage" time="1.504"/>
</testsuite> <!-- Browerwindow -->
