<?xml version="1.0" encoding="UTF-8"?>
<!-- Generated by org.testng.reporters.JUnitXMLReporter -->
<testsuite ignored="0" hostname="Swaraj" failures="0" tests="5" name="buttonpage" time="13.678" errors="0" timestamp="2024-09-05T18:59:12 IST">
  <testcase classname="test.Button_test" name="clickonelements" time="0.259"/>
  <testcase classname="test.Button_test" name="clickonbutton" time="0.407"/>
  <testcase classname="test.Button_test" name="clickondubble" time="0.631"/>
  <testcase classname="test.Button_test" name="clickonright" time="0.497"/>
  <testcase classname="test.Button_test" name="clickme" time="0.583"/>
</testsuite> <!-- buttonpage -->
