<?xml version="1.0" encoding="UTF-8"?>
<!-- Generated by org.testng.reporters.JUnitXMLReporter -->
<testsuite ignored="0" hostname="Swaraj" failures="0" tests="5" name="checkbox" time="23.444" errors="0" timestamp="2024-08-26T23:28:43 IST">
  <testcase classname="test.CheckboxTest" name="clickelement" time="0.48"/>
  <testcase classname="test.CheckboxTest" name="clickcheckbox" time="1.332"/>
  <testcase classname="test.CheckboxTest" name="mobilechecboxfill" time="1.369"/>
  <testcase classname="test.CheckboxTest" name="laptopchecboxfill" time="0.564"/>
  <testcase classname="test.CheckboxTest" name="destopchecboxfill" time="0.527"/>
</testsuite> <!-- checkbox -->
