<?xml version="1.0" encoding="UTF-8"?>
<!-- Generated by org.testng.reporters.JUnitXMLReporter -->
<testsuite ignored="0" hostname="Swaraj" failures="0" tests="4" name="Frames" time="18.586" errors="0" timestamp="2022-11-17T21:09:57 IST">
  <testcase classname="test.FramesTest" name="clickframewindow" time="0.318"/>
  <testcase classname="test.FramesTest" name="clickonframe" time="0.181"/>
  <testcase classname="test.FramesTest" name="clickpframe" time="0.143"/>
  <testcase classname="test.FramesTest" name="clickcframe" time="0.108"/>
</testsuite> <!-- Frames -->
