<?xml version="1.0" encoding="UTF-8"?>
<!-- Generated by org.testng.reporters.JUnitXMLReporter -->
<testsuite ignored="0" hostname="Swaraj" failures="0" tests="10" name="Links" time="34.629" errors="0" timestamp="2022-11-09T20:10:45 IST">
  <testcase classname="test.LinksTest" name="clickonelement" time="0.2"/>
  <testcase classname="test.LinksTest" name="clickonlinkbutton" time="0.156"/>
  <testcase classname="test.LinksTest" name="demopage" time="1.785"/>
  <testcase classname="test.LinksTest" name="clickoncreated" time="0.13"/>
  <testcase classname="test.LinksTest" name="clickonnocontent" time="0.143"/>
  <testcase classname="test.LinksTest" name="clickonmoved" time="0.203"/>
  <testcase classname="test.LinksTest" name="clickonbedrequest" time="0.132"/>
  <testcase classname="test.LinksTest" name="clickonunauthorized" time="0.12"/>
  <testcase classname="test.LinksTest" name="clickonforbiddon" time="0.143"/>
  <testcase classname="test.LinksTest" name="clickonnotfound" time="0.136"/>
</testsuite> <!-- Links -->
