<?xml version="1.0" encoding="UTF-8"?>
<!-- Generated by org.testng.reporters.JUnitXMLReporter -->
<testsuite ignored="0" hostname="Swaraj" failures="0" tests="3" name="linkpage" time="24.125" errors="0" timestamp="2024-09-14T18:24:10 IST">
  <testcase classname="test.Link_pagetest" name="clickonelement" time="0.635"/>
  <testcase classname="test.Link_pagetest" name="clickonlink" time="0.854"/>
  <testcase classname="test.Link_pagetest" name="clickondemo" time="4.21"/>
</testsuite> <!-- linkpage -->
