<?xml version="1.0" encoding="UTF-8"?>
<!-- Generated by org.testng.reporters.JUnitXMLReporter -->
<testsuite ignored="0" hostname="Swaraj" failures="0" tests="3" name="NestedFrames" time="57.77" errors="0" timestamp="2022-11-17T22:47:32 IST">
  <testcase classname="test.NestedFrameTest" name="clickframewindow" time="0.164"/>
  <testcase classname="test.NestedFrameTest" name="clickonNestedframe" time="0.247"/>
  <testcase classname="test.NestedFrameTest" name="nestedframe" time="20.117"/>
</testsuite> <!-- NestedFrames -->
