<?xml version="1.0" encoding="UTF-8"?>
<!-- Generated by org.testng.reporters.JUnitXMLReporter -->
<testsuite ignored="0" hostname="Swaraj" failures="0" tests="5" name="radiobutton_test" time="19.537" errors="0" timestamp="2022-11-07T16:57:27 IST">
  <testcase classname="test.Radiobutton_test" name="clickonelement" time="0.304"/>
  <testcase classname="test.Radiobutton_test" name="clickonradiobutton" time="0.426"/>
  <testcase classname="test.Radiobutton_test" name="clickonyesbutton" time="0.356"/>
  <testcase classname="test.Radiobutton_test" name="clickonimpressivebutton" time="0.276"/>
  <testcase classname="test.Radiobutton_test" name="clickonnobutton" time="0.258"/>
</testsuite> <!-- radiobutton_test -->
