<?xml version="1.0" encoding="UTF-8"?>
<!-- Generated by org.testng.reporters.JUnitXMLReporter -->
<testsuite ignored="0" hostname="Swaraj" failures="0" tests="5" name="radiobutton" time="23.953" errors="0" timestamp="2024-08-27T23:54:54 IST">
  <testcase classname="test.Radiobuttontest" name="clickonelement" time="0.301"/>
  <testcase classname="test.Radiobuttontest" name="clickonradiobutton" time="0.591"/>
  <testcase classname="test.Radiobuttontest" name="clickonyesbutton" time="0.531"/>
  <testcase classname="test.Radiobuttontest" name="clickonNObutton" time="0.495"/>
  <testcase classname="test.Radiobuttontest" name="clickonIMPRESSIVEbutton" time="0.385"/>
</testsuite> <!-- radiobutton -->
