<?xml version="1.0" encoding="UTF-8"?>
<!-- Generated by org.testng.reporters.JUnitXMLReporter -->
<testsuite ignored="0" hostname="Swaraj" failures="0" tests="4" name="tesxtpage" time="31.469" errors="0" timestamp="2024-08-23T23:51:15 IST">
  <testcase classname="test.Textpage_elementTest" name="fill_textElements" time="5.294"/>
  <testcase classname="test.Textpage_elementTest" name="clickonSubmit" time="0.253"/>
  <testcase classname="test.Textpage_elementTest" name="validateresult" time="1.421"/>
  <testcase classname="test.Textpage_elementTest" name="softasservaidation" time="0.04"/>
</testsuite> <!-- tesxtpage -->
