<?xml version="1.0" encoding="UTF-8"?>
<!-- Generated by org.testng.reporters.JUnitXMLReporter -->
<testsuite ignored="0" hostname="Swaraj" failures="0" tests="3" name="tooltips" time="43.421" errors="0" timestamp="2024-09-27T22:05:14 IST">
  <testcase classname="test.Tooltip_test" name="clickonWIDGET" time="0.808"/>
  <testcase classname="test.Tooltip_test" name="clickonTOOLtip" time="0.372"/>
  <testcase classname="test.Tooltip_test" name="tooltiptitle" time="0.179"/>
</testsuite> <!-- tooltips -->
