<?xml version="1.0" encoding="UTF-8"?>
<!-- Generated by org.testng.reporters.JUnitXMLReporter -->
<testsuite ignored="0" hostname="Swaraj" failures="0" tests="3" name="Uploadfile" time="28.246" errors="0" timestamp="2022-11-10T19:06:16 IST">
  <testcase classname="test.UploadTest" name="clickonelement" time="0.205"/>
  <testcase classname="test.UploadTest" name="clickonuploadbutton" time="0.224"/>
  <testcase classname="test.UploadTest" name="selectfile" time="4.521"/>
</testsuite> <!-- Uploadfile -->
