<?xml version="1.0" encoding="UTF-8"?>
<!-- Generated by org.testng.reporters.JUnitXMLReporter -->
<testsuite ignored="0" hostname="Swaraj" failures="0" tests="3" name="Uploaddownolad" time="26.808" errors="0" timestamp="2024-10-07T19:04:29 IST">
  <testcase classname="test.Upload_downolad_test" name="clickonelement" time="0.537"/>
  <testcase classname="test.Upload_downolad_test" name="clickonuploadandownolad" time="0.354"/>
  <testcase classname="test.Upload_downolad_test" name="clickonchoosefile" time="4.094"/>
</testsuite> <!-- Uploaddownolad -->
