<?xml version="1.0" encoding="UTF-8"?>
<!-- Generated by org.testng.reporters.JUnitXMLReporter -->
<testsuite ignored="0" hostname="Swaraj" failures="0" tests="3" name="Upload_downolad_test" time="0.333" errors="0" timestamp="2024-09-27T00:31:05 IST">
  <testcase classname="test.Upload_downolad_test" name="clickonelement" time="0.001">
    <skipped/>
  </testcase> <!-- clickonelement -->
  <testcase classname="test.Upload_downolad_test" name="clickonuploadandownolad" time="0.0">
    <skipped/>
  </testcase> <!-- clickonuploadandownolad -->
  <testcase classname="test.Upload_downolad_test" name="clickonchoosefile" time="0.001">
    <skipped/>
  </testcase> <!-- clickonchoosefile -->
</testsuite> <!-- Upload_downolad_test -->
