<?xml version="1.0" encoding="UTF-8"?>
<!-- Generated by org.testng.reporters.JUnitXMLReporter -->
<testsuite ignored="0" hostname="Swaraj" failures="0" tests="3" name="Uploaddownolad_test" time="61.643" errors="0" timestamp="2024-09-27T23:11:06 IST">
  <testcase classname="test.Upload_downolad_test" name="clickonelement" time="0.434"/>
  <testcase classname="test.Upload_downolad_test" name="clickonuploadandownolad" time="0.572"/>
  <testcase classname="test.Upload_downolad_test" name="clickonchoosefile" time="0.36"/>
</testsuite> <!-- Uploaddownolad_test -->
