<?xml version="1.0" encoding="UTF-8"?>
<!-- Generated by org.testng.reporters.JUnitXMLReporter -->
<testsuite ignored="0" hostname="Swaraj" failures="0" tests="4" name="webtable" time="30.2" errors="0" timestamp="2024-09-14T00:22:27 IST">
  <testcase classname="test.WebtableTest" name="clickonelement" time="0.229"/>
  <testcase classname="test.WebtableTest" name="clickonwebtables" time="0.367"/>
  <testcase classname="test.WebtableTest" name="webtablesdetailswithproperties" time="7.412"/>
  <testcase classname="test.WebtableTest" name="updatedetails" time="9.513"/>
</testsuite> <!-- webtable -->
