<?xml version="1.0" encoding="UTF-8"?>
<!-- Generated by org.testng.reporters.JUnitXMLReporter -->
<testsuite ignored="0" hostname="Swaraj" failures="0" tests="4" name="webtabletest" time="45.127" errors="0" timestamp="2024-09-27T22:18:23 IST">
  <testcase classname="test.WebtableTest" name="clickonelement" time="0.191"/>
  <testcase classname="test.WebtableTest" name="clickonwebtables" time="0.438"/>
  <testcase classname="test.WebtableTest" name="webtablesdetailswithproperties" time="10.772"/>
  <testcase classname="test.WebtableTest" name="updatedetails" time="6.632"/>
</testsuite> <!-- webtabletest -->
