<?xml version="1.0" encoding="UTF-8"?>
<!-- Generated by org.testng.reporters.JUnitXMLReporter -->
<testsuite ignored="0" hostname="Swaraj" failures="0" tests="4" name="WebTables_test" time="34.587" errors="0" timestamp="2022-11-07T16:56:15 IST">
  <testcase classname="test.WebTables_test" name="clickonelement" time="0.263"/>
  <testcase classname="test.WebTables_test" name="clickonwebtable" time="0.371"/>
  <testcase classname="test.WebTables_test" name="fillDetails" time="7.921"/>
  <testcase classname="test.WebTables_test" name="updateDetails" time="7.265"/>
</testsuite> <!-- WebTables_test -->
