<?xml version="1.0" encoding="UTF-8"?>
<!-- Generated by org.testng.reporters.JUnitXMLReporter -->
<testsuite ignored="0" hostname="Swaraj" failures="1" tests="6" name="Widgets" time="22.874" errors="0" timestamp="2022-11-09T13:07:05 IST">
  <testcase classname="test.WidgetsTest" name="clickonwidget" time="0.176"/>
  <testcase classname="test.WidgetsTest" name="clickonselectmenu" time="0.161"/>
  <testcase classname="test.WidgetsTest" name="selectvalue" time="0.302"/>
  <testcase classname="test.WidgetsTest" name="selectone" time="0.2"/>
  <testcase classname="test.WidgetsTest" name="oldstyle" time="0.205"/>
  <testcase classname="test.WidgetsTest" name="selectmultivalue" time="0.116">
    <failure type="org.openqa.selenium.support.ui.UnexpectedTagNameException" message="Element should have been &amp;quot;select&amp;quot; but was &amp;quot;option&amp;quot;
Build info: version: &amp;apos;3.141.59&amp;apos;, revision: &amp;apos;e82be7d358&amp;apos;, time: &amp;apos;2018-11-14T08:25:48&amp;apos;
System info: host: &amp;apos;SWARAJ&amp;apos;, ip: &amp;apos;192.168.43.198&amp;apos;, os.name: &amp;apos;Windows 10&amp;apos;, os.arch: &amp;apos;amd64&amp;apos;, os.version: &amp;apos;10.0&amp;apos;, java.version: &amp;apos;17.0.2&amp;apos;
Driver info: driver.version: unknown">
      <![CDATA[org.openqa.selenium.support.ui.UnexpectedTagNameException: Element should have been "select" but was "option"
Build info: version: '3.141.59', revision: 'e82be7d358', time: '2018-11-14T08:25:48'
System info: host: 'SWARAJ', ip: '192.168.43.198', os.name: 'Windows 10', os.arch: 'amd64', os.version: '10.0', java.version: '17.0.2'
Driver info: driver.version: unknown
at org.openqa.selenium.support.ui.Select.<init>(Select.java:48)
at pages.WidgetsPage.selectmultivalue(WidgetsPage.java:48)
at test.WidgetsTest.selectmultivalue(WidgetsTest.java:48)
at java.base/java.util.ArrayList.forEach(ArrayList.java:1511)
... Removed 27 stack frames]]>
    </failure>
  </testcase> <!-- selectmultivalue -->
</testsuite> <!-- Widgets -->
