<?xml version="1.0" encoding="UTF-8"?>
<!-- Generated by org.testng.reporters.JUnitXMLReporter -->
<testsuite ignored="0" hostname="Swaraj" failures="0" tests="3" name="textpagetest" time="9.754" errors="0" timestamp="2024-08-15T07:11:44 IST">
  <testcase classname="test.Textpage_elementTest" name="fill_textElements" time="0.002">
    <skipped/>
  </testcase> <!-- fill_textElements -->
  <testcase classname="test.Textpage_elementTest" name="clickonSubmit" time="0.001">
    <skipped/>
  </testcase> <!-- clickonSubmit -->
  <testcase classname="test.Textpage_elementTest" name="gettfilldetail" time="0.0">
    <skipped/>
  </testcase> <!-- gettfilldetail -->
</testsuite> <!-- textpagetest -->
