<?xml version="1.0" encoding="UTF-8"?>
<testng-results ignored="0" total="5" passed="0" failed="0" skipped="5">
  <reporter-output>
  </reporter-output>
  <suite started-at="2024-04-10T19:12:48 IST" name="Testing_BABA" finished-at="2024-04-10T19:12:54 IST" duration-ms="5833">
    <groups>
    </groups>
    <test started-at="2024-04-10T19:12:48 IST" name="Textbox_test" finished-at="2024-04-10T19:12:54 IST" duration-ms="5833">
      <class name="test.Textbox_test">
        <test-method is-config="true" signature="getlaunchUrl(java.lang.String)[pri:0, instance:test.Textbox_test@25084a1e]" started-at="2024-04-10T19:12:48 IST" name="getlaunchUrl" finished-at="2024-04-10T19:12:54 IST" duration-ms="5505" status="FAIL">
          <params>
            <param index="0">
              <value>
                <![CDATA[myurl]]>
              </value>
            </param>
          </params>
          <exception class="org.openqa.selenium.SessionNotCreatedException">
            <message>
              <![CDATA[session not created: This version of ChromeDriver only supports Chrome version 107
Current browser version is 123.0.6312.106 with binary path C:\Program Files\Google\Chrome\Application\chrome.exe
Build info: version: '3.141.59', revision: 'e82be7d358', time: '2018-11-14T08:25:48'
System info: host: 'SWARAJ', ip: '192.168.79.185', os.name: 'Windows 10', os.arch: 'amd64', os.version: '10.0', java.version: '17.0.2'
Driver info: driver.version: ChromeDriver
remote stacktrace: Backtrace:
Ordinal0 [0x005AACD3+2075859]
Ordinal0 [0x0053EE61+1633889]
Ordinal0 [0x0043B7BD+571325]
Ordinal0 [0x0045DFCD+712653]
Ordinal0 [0x00459266+692838]
Ordinal0 [0x00456BE9+682985]
Ordinal0 [0x0048DBD3+908243]
Ordinal0 [0x0048D6AA+906922]
Ordinal0 [0x00487136+880950]
Ordinal0 [0x0045FEFD+720637]
Ordinal0 [0x00460F3F+724799]
GetHandleVerifier [0x0085EED2+2769538]
GetHandleVerifier [0x00850D95+2711877]
GetHandleVerifier [0x0063A03A+521194]
GetHandleVerifier [0x00638DA0+516432]
Ordinal0 [0x0054682C+1665068]
Ordinal0 [0x0054B128+1683752]
Ordinal0 [0x0054B215+1683989]
Ordinal0 [0x00556484+1729668]
BaseThreadInitThunk [0x75EA00F9+25]
RtlGetAppContainerNamedObjectPath [0x77337BBE+286]
RtlGetAppContainerNamedObjectPath [0x77337B8E+238]
]]>
            </message>
            <full-stacktrace>
              <![CDATA[org.openqa.selenium.SessionNotCreatedException: session not created: This version of ChromeDriver only supports Chrome version 107
Current browser version is 123.0.6312.106 with binary path C:\Program Files\Google\Chrome\Application\chrome.exe
Build info: version: '3.141.59', revision: 'e82be7d358', time: '2018-11-14T08:25:48'
System info: host: 'SWARAJ', ip: '192.168.79.185', os.name: 'Windows 10', os.arch: 'amd64', os.version: '10.0', java.version: '17.0.2'
Driver info: driver.version: ChromeDriver
remote stacktrace: Backtrace:
Ordinal0 [0x005AACD3+2075859]
Ordinal0 [0x0053EE61+1633889]
Ordinal0 [0x0043B7BD+571325]
Ordinal0 [0x0045DFCD+712653]
Ordinal0 [0x00459266+692838]
Ordinal0 [0x00456BE9+682985]
Ordinal0 [0x0048DBD3+908243]
Ordinal0 [0x0048D6AA+906922]
Ordinal0 [0x00487136+880950]
Ordinal0 [0x0045FEFD+720637]
Ordinal0 [0x00460F3F+724799]
GetHandleVerifier [0x0085EED2+2769538]
GetHandleVerifier [0x00850D95+2711877]
GetHandleVerifier [0x0063A03A+521194]
GetHandleVerifier [0x00638DA0+516432]
Ordinal0 [0x0054682C+1665068]
Ordinal0 [0x0054B128+1683752]
Ordinal0 [0x0054B215+1683989]
Ordinal0 [0x00556484+1729668]
BaseThreadInitThunk [0x75EA00F9+25]
RtlGetAppContainerNamedObjectPath [0x77337BBE+286]
RtlGetAppContainerNamedObjectPath [0x77337B8E+238]

at java.base/jdk.internal.reflect.NativeConstructorAccessorImpl.newInstance0(Native Method)
at java.base/jdk.internal.reflect.NativeConstructorAccessorImpl.newInstance(NativeConstructorAccessorImpl.java:77)
at java.base/jdk.internal.reflect.DelegatingConstructorAccessorImpl.newInstance(DelegatingConstructorAccessorImpl.java:45)
at java.base/java.lang.reflect.Constructor.newInstanceWithCaller(Constructor.java:499)
at java.base/java.lang.reflect.Constructor.newInstance(Constructor.java:480)
at org.openqa.selenium.remote.W3CHandshakeResponse.lambda$errorHandler$0(W3CHandshakeResponse.java:62)
at org.openqa.selenium.remote.HandshakeResponse.lambda$getResponseFunction$0(HandshakeResponse.java:30)
at org.openqa.selenium.remote.ProtocolHandshake.lambda$createSession$0(ProtocolHandshake.java:126)
at java.base/java.util.stream.ReferencePipeline$3$1.accept(ReferencePipeline.java:197)
at java.base/java.util.Spliterators$ArraySpliterator.tryAdvance(Spliterators.java:1002)
at java.base/java.util.stream.ReferencePipeline.forEachWithCancel(ReferencePipeline.java:129)
at java.base/java.util.stream.AbstractPipeline.copyIntoWithCancel(AbstractPipeline.java:527)
at java.base/java.util.stream.AbstractPipeline.copyInto(AbstractPipeline.java:513)
at java.base/java.util.stream.AbstractPipeline.wrapAndCopyInto(AbstractPipeline.java:499)
at java.base/java.util.stream.FindOps$FindOp.evaluateSequential(FindOps.java:150)
at java.base/java.util.stream.AbstractPipeline.evaluate(AbstractPipeline.java:234)
at java.base/java.util.stream.ReferencePipeline.findFirst(ReferencePipeline.java:647)
at org.openqa.selenium.remote.ProtocolHandshake.createSession(ProtocolHandshake.java:128)
at org.openqa.selenium.remote.ProtocolHandshake.createSession(ProtocolHandshake.java:74)
at org.openqa.selenium.remote.HttpCommandExecutor.execute(HttpCommandExecutor.java:136)
at org.openqa.selenium.remote.service.DriverCommandExecutor.execute(DriverCommandExecutor.java:83)
at org.openqa.selenium.remote.RemoteWebDriver.execute(RemoteWebDriver.java:552)
at org.openqa.selenium.remote.RemoteWebDriver.startSession(RemoteWebDriver.java:213)
at org.openqa.selenium.remote.RemoteWebDriver.<init>(RemoteWebDriver.java:131)
at org.openqa.selenium.chrome.ChromeDriver.<init>(ChromeDriver.java:181)
at org.openqa.selenium.chrome.ChromeDriver.<init>(ChromeDriver.java:168)
at org.openqa.selenium.chrome.ChromeDriver.<init>(ChromeDriver.java:123)
at baseLibrary.BaseLibrary.getlaunchurl(BaseLibrary.java:58)
at test.Textbox_test.getlaunchUrl(Textbox_test.java:18)
at java.base/jdk.internal.reflect.NativeMethodAccessorImpl.invoke0(Native Method)
at java.base/jdk.internal.reflect.NativeMethodAccessorImpl.invoke(NativeMethodAccessorImpl.java:77)
at java.base/jdk.internal.reflect.DelegatingMethodAccessorImpl.invoke(DelegatingMethodAccessorImpl.java:43)
at java.base/java.lang.reflect.Method.invoke(Method.java:568)
at org.testng.internal.MethodInvocationHelper.invokeMethod(MethodInvocationHelper.java:133)
at org.testng.internal.MethodInvocationHelper.invokeMethodConsideringTimeout(MethodInvocationHelper.java:62)
at org.testng.internal.ConfigInvoker.invokeConfigurationMethod(ConfigInvoker.java:385)
at org.testng.internal.ConfigInvoker.invokeConfigurations(ConfigInvoker.java:321)
at org.testng.TestRunner.invokeTestConfigurations(TestRunner.java:637)
at org.testng.TestRunner.beforeRun(TestRunner.java:627)
at org.testng.TestRunner.run(TestRunner.java:589)
at org.testng.SuiteRunner.runTest(SuiteRunner.java:377)
at org.testng.SuiteRunner.runSequentially(SuiteRunner.java:371)
at org.testng.SuiteRunner.privateRun(SuiteRunner.java:332)
at org.testng.SuiteRunner.run(SuiteRunner.java:276)
at org.testng.SuiteRunnerWorker.runSuite(SuiteRunnerWorker.java:53)
at org.testng.SuiteRunnerWorker.run(SuiteRunnerWorker.java:96)
at org.testng.TestNG.runSuitesSequentially(TestNG.java:1212)
at org.testng.TestNG.runSuitesLocally(TestNG.java:1134)
at org.testng.TestNG.runSuites(TestNG.java:1063)
at org.testng.TestNG.run(TestNG.java:1031)
at org.testng.remote.AbstractRemoteTestNG.run(AbstractRemoteTestNG.java:115)
at org.testng.remote.RemoteTestNG.initAndRun(RemoteTestNG.java:251)
at org.testng.remote.RemoteTestNG.main(RemoteTestNG.java:77)
]]>
            </full-stacktrace>
          </exception> <!-- org.openqa.selenium.SessionNotCreatedException -->
          <reporter-output>
          </reporter-output>
        </test-method> <!-- getlaunchUrl -->
        <test-method signature="clickonElement()[pri:1, instance:test.Textbox_test@25084a1e]" started-at="2024-04-10T19:12:54 IST" name="clickonElement" finished-at="2024-04-10T19:12:54 IST" duration-ms="0" status="SKIP">
          <exception class="org.openqa.selenium.SessionNotCreatedException">
            <message>
              <![CDATA[session not created: This version of ChromeDriver only supports Chrome version 107
Current browser version is 123.0.6312.106 with binary path C:\Program Files\Google\Chrome\Application\chrome.exe
Build info: version: '3.141.59', revision: 'e82be7d358', time: '2018-11-14T08:25:48'
System info: host: 'SWARAJ', ip: '192.168.79.185', os.name: 'Windows 10', os.arch: 'amd64', os.version: '10.0', java.version: '17.0.2'
Driver info: driver.version: ChromeDriver
remote stacktrace: Backtrace:
Ordinal0 [0x005AACD3+2075859]
Ordinal0 [0x0053EE61+1633889]
Ordinal0 [0x0043B7BD+571325]
Ordinal0 [0x0045DFCD+712653]
Ordinal0 [0x00459266+692838]
Ordinal0 [0x00456BE9+682985]
Ordinal0 [0x0048DBD3+908243]
Ordinal0 [0x0048D6AA+906922]
Ordinal0 [0x00487136+880950]
Ordinal0 [0x0045FEFD+720637]
Ordinal0 [0x00460F3F+724799]
GetHandleVerifier [0x0085EED2+2769538]
GetHandleVerifier [0x00850D95+2711877]
GetHandleVerifier [0x0063A03A+521194]
GetHandleVerifier [0x00638DA0+516432]
Ordinal0 [0x0054682C+1665068]
Ordinal0 [0x0054B128+1683752]
Ordinal0 [0x0054B215+1683989]
Ordinal0 [0x00556484+1729668]
BaseThreadInitThunk [0x75EA00F9+25]
RtlGetAppContainerNamedObjectPath [0x77337BBE+286]
RtlGetAppContainerNamedObjectPath [0x77337B8E+238]
]]>
            </message>
            <full-stacktrace>
              <![CDATA[org.openqa.selenium.SessionNotCreatedException: session not created: This version of ChromeDriver only supports Chrome version 107
Current browser version is 123.0.6312.106 with binary path C:\Program Files\Google\Chrome\Application\chrome.exe
Build info: version: '3.141.59', revision: 'e82be7d358', time: '2018-11-14T08:25:48'
System info: host: 'SWARAJ', ip: '192.168.79.185', os.name: 'Windows 10', os.arch: 'amd64', os.version: '10.0', java.version: '17.0.2'
Driver info: driver.version: ChromeDriver
remote stacktrace: Backtrace:
Ordinal0 [0x005AACD3+2075859]
Ordinal0 [0x0053EE61+1633889]
Ordinal0 [0x0043B7BD+571325]
Ordinal0 [0x0045DFCD+712653]
Ordinal0 [0x00459266+692838]
Ordinal0 [0x00456BE9+682985]
Ordinal0 [0x0048DBD3+908243]
Ordinal0 [0x0048D6AA+906922]
Ordinal0 [0x00487136+880950]
Ordinal0 [0x0045FEFD+720637]
Ordinal0 [0x00460F3F+724799]
GetHandleVerifier [0x0085EED2+2769538]
GetHandleVerifier [0x00850D95+2711877]
GetHandleVerifier [0x0063A03A+521194]
GetHandleVerifier [0x00638DA0+516432]
Ordinal0 [0x0054682C+1665068]
Ordinal0 [0x0054B128+1683752]
Ordinal0 [0x0054B215+1683989]
Ordinal0 [0x00556484+1729668]
BaseThreadInitThunk [0x75EA00F9+25]
RtlGetAppContainerNamedObjectPath [0x77337BBE+286]
RtlGetAppContainerNamedObjectPath [0x77337B8E+238]

at java.base/jdk.internal.reflect.NativeConstructorAccessorImpl.newInstance0(Native Method)
at java.base/jdk.internal.reflect.NativeConstructorAccessorImpl.newInstance(NativeConstructorAccessorImpl.java:77)
at java.base/jdk.internal.reflect.DelegatingConstructorAccessorImpl.newInstance(DelegatingConstructorAccessorImpl.java:45)
at java.base/java.lang.reflect.Constructor.newInstanceWithCaller(Constructor.java:499)
at java.base/java.lang.reflect.Constructor.newInstance(Constructor.java:480)
at org.openqa.selenium.remote.W3CHandshakeResponse.lambda$errorHandler$0(W3CHandshakeResponse.java:62)
at org.openqa.selenium.remote.HandshakeResponse.lambda$getResponseFunction$0(HandshakeResponse.java:30)
at org.openqa.selenium.remote.ProtocolHandshake.lambda$createSession$0(ProtocolHandshake.java:126)
at java.base/java.util.stream.ReferencePipeline$3$1.accept(ReferencePipeline.java:197)
at java.base/java.util.Spliterators$ArraySpliterator.tryAdvance(Spliterators.java:1002)
at java.base/java.util.stream.ReferencePipeline.forEachWithCancel(ReferencePipeline.java:129)
at java.base/java.util.stream.AbstractPipeline.copyIntoWithCancel(AbstractPipeline.java:527)
at java.base/java.util.stream.AbstractPipeline.copyInto(AbstractPipeline.java:513)
at java.base/java.util.stream.AbstractPipeline.wrapAndCopyInto(AbstractPipeline.java:499)
at java.base/java.util.stream.FindOps$FindOp.evaluateSequential(FindOps.java:150)
at java.base/java.util.stream.AbstractPipeline.evaluate(AbstractPipeline.java:234)
at java.base/java.util.stream.ReferencePipeline.findFirst(ReferencePipeline.java:647)
at org.openqa.selenium.remote.ProtocolHandshake.createSession(ProtocolHandshake.java:128)
at org.openqa.selenium.remote.ProtocolHandshake.createSession(ProtocolHandshake.java:74)
at org.openqa.selenium.remote.HttpCommandExecutor.execute(HttpCommandExecutor.java:136)
at org.openqa.selenium.remote.service.DriverCommandExecutor.execute(DriverCommandExecutor.java:83)
at org.openqa.selenium.remote.RemoteWebDriver.execute(RemoteWebDriver.java:552)
at org.openqa.selenium.remote.RemoteWebDriver.startSession(RemoteWebDriver.java:213)
at org.openqa.selenium.remote.RemoteWebDriver.<init>(RemoteWebDriver.java:131)
at org.openqa.selenium.chrome.ChromeDriver.<init>(ChromeDriver.java:181)
at org.openqa.selenium.chrome.ChromeDriver.<init>(ChromeDriver.java:168)
at org.openqa.selenium.chrome.ChromeDriver.<init>(ChromeDriver.java:123)
at baseLibrary.BaseLibrary.getlaunchurl(BaseLibrary.java:58)
at test.Textbox_test.getlaunchUrl(Textbox_test.java:18)
at java.base/jdk.internal.reflect.NativeMethodAccessorImpl.invoke0(Native Method)
at java.base/jdk.internal.reflect.NativeMethodAccessorImpl.invoke(NativeMethodAccessorImpl.java:77)
at java.base/jdk.internal.reflect.DelegatingMethodAccessorImpl.invoke(DelegatingMethodAccessorImpl.java:43)
at java.base/java.lang.reflect.Method.invoke(Method.java:568)
at org.testng.internal.MethodInvocationHelper.invokeMethod(MethodInvocationHelper.java:133)
at org.testng.internal.MethodInvocationHelper.invokeMethodConsideringTimeout(MethodInvocationHelper.java:62)
at org.testng.internal.ConfigInvoker.invokeConfigurationMethod(ConfigInvoker.java:385)
at org.testng.internal.ConfigInvoker.invokeConfigurations(ConfigInvoker.java:321)
at org.testng.TestRunner.invokeTestConfigurations(TestRunner.java:637)
at org.testng.TestRunner.beforeRun(TestRunner.java:627)
at org.testng.TestRunner.run(TestRunner.java:589)
at org.testng.SuiteRunner.runTest(SuiteRunner.java:377)
at org.testng.SuiteRunner.runSequentially(SuiteRunner.java:371)
at org.testng.SuiteRunner.privateRun(SuiteRunner.java:332)
at org.testng.SuiteRunner.run(SuiteRunner.java:276)
at org.testng.SuiteRunnerWorker.runSuite(SuiteRunnerWorker.java:53)
at org.testng.SuiteRunnerWorker.run(SuiteRunnerWorker.java:96)
at org.testng.TestNG.runSuitesSequentially(TestNG.java:1212)
at org.testng.TestNG.runSuitesLocally(TestNG.java:1134)
at org.testng.TestNG.runSuites(TestNG.java:1063)
at org.testng.TestNG.run(TestNG.java:1031)
at org.testng.remote.AbstractRemoteTestNG.run(AbstractRemoteTestNG.java:115)
at org.testng.remote.RemoteTestNG.initAndRun(RemoteTestNG.java:251)
at org.testng.remote.RemoteTestNG.main(RemoteTestNG.java:77)
]]>
            </full-stacktrace>
          </exception> <!-- org.openqa.selenium.SessionNotCreatedException -->
          <reporter-output>
          </reporter-output>
        </test-method> <!-- clickonElement -->
        <test-method is-config="true" signature="getanalysis(org.testng.ITestResult)[pri:0, instance:test.Textbox_test@25084a1e]" started-at="2024-04-10T19:12:54 IST" name="getanalysis" finished-at="1970-01-01T05:30:00 IST" duration-ms="-1712756574412" status="SKIP">
          <reporter-output>
          </reporter-output>
        </test-method> <!-- getanalysis -->
        <test-method signature="clickontextbox()[pri:2, instance:test.Textbox_test@25084a1e]" started-at="2024-04-10T19:12:54 IST" name="clickontextbox" finished-at="2024-04-10T19:12:54 IST" duration-ms="0" status="SKIP">
          <exception class="org.openqa.selenium.SessionNotCreatedException">
            <message>
              <![CDATA[session not created: This version of ChromeDriver only supports Chrome version 107
Current browser version is 123.0.6312.106 with binary path C:\Program Files\Google\Chrome\Application\chrome.exe
Build info: version: '3.141.59', revision: 'e82be7d358', time: '2018-11-14T08:25:48'
System info: host: 'SWARAJ', ip: '192.168.79.185', os.name: 'Windows 10', os.arch: 'amd64', os.version: '10.0', java.version: '17.0.2'
Driver info: driver.version: ChromeDriver
remote stacktrace: Backtrace:
Ordinal0 [0x005AACD3+2075859]
Ordinal0 [0x0053EE61+1633889]
Ordinal0 [0x0043B7BD+571325]
Ordinal0 [0x0045DFCD+712653]
Ordinal0 [0x00459266+692838]
Ordinal0 [0x00456BE9+682985]
Ordinal0 [0x0048DBD3+908243]
Ordinal0 [0x0048D6AA+906922]
Ordinal0 [0x00487136+880950]
Ordinal0 [0x0045FEFD+720637]
Ordinal0 [0x00460F3F+724799]
GetHandleVerifier [0x0085EED2+2769538]
GetHandleVerifier [0x00850D95+2711877]
GetHandleVerifier [0x0063A03A+521194]
GetHandleVerifier [0x00638DA0+516432]
Ordinal0 [0x0054682C+1665068]
Ordinal0 [0x0054B128+1683752]
Ordinal0 [0x0054B215+1683989]
Ordinal0 [0x00556484+1729668]
BaseThreadInitThunk [0x75EA00F9+25]
RtlGetAppContainerNamedObjectPath [0x77337BBE+286]
RtlGetAppContainerNamedObjectPath [0x77337B8E+238]
]]>
            </message>
            <full-stacktrace>
              <![CDATA[org.openqa.selenium.SessionNotCreatedException: session not created: This version of ChromeDriver only supports Chrome version 107
Current browser version is 123.0.6312.106 with binary path C:\Program Files\Google\Chrome\Application\chrome.exe
Build info: version: '3.141.59', revision: 'e82be7d358', time: '2018-11-14T08:25:48'
System info: host: 'SWARAJ', ip: '192.168.79.185', os.name: 'Windows 10', os.arch: 'amd64', os.version: '10.0', java.version: '17.0.2'
Driver info: driver.version: ChromeDriver
remote stacktrace: Backtrace:
Ordinal0 [0x005AACD3+2075859]
Ordinal0 [0x0053EE61+1633889]
Ordinal0 [0x0043B7BD+571325]
Ordinal0 [0x0045DFCD+712653]
Ordinal0 [0x00459266+692838]
Ordinal0 [0x00456BE9+682985]
Ordinal0 [0x0048DBD3+908243]
Ordinal0 [0x0048D6AA+906922]
Ordinal0 [0x00487136+880950]
Ordinal0 [0x0045FEFD+720637]
Ordinal0 [0x00460F3F+724799]
GetHandleVerifier [0x0085EED2+2769538]
GetHandleVerifier [0x00850D95+2711877]
GetHandleVerifier [0x0063A03A+521194]
GetHandleVerifier [0x00638DA0+516432]
Ordinal0 [0x0054682C+1665068]
Ordinal0 [0x0054B128+1683752]
Ordinal0 [0x0054B215+1683989]
Ordinal0 [0x00556484+1729668]
BaseThreadInitThunk [0x75EA00F9+25]
RtlGetAppContainerNamedObjectPath [0x77337BBE+286]
RtlGetAppContainerNamedObjectPath [0x77337B8E+238]

at java.base/jdk.internal.reflect.NativeConstructorAccessorImpl.newInstance0(Native Method)
at java.base/jdk.internal.reflect.NativeConstructorAccessorImpl.newInstance(NativeConstructorAccessorImpl.java:77)
at java.base/jdk.internal.reflect.DelegatingConstructorAccessorImpl.newInstance(DelegatingConstructorAccessorImpl.java:45)
at java.base/java.lang.reflect.Constructor.newInstanceWithCaller(Constructor.java:499)
at java.base/java.lang.reflect.Constructor.newInstance(Constructor.java:480)
at org.openqa.selenium.remote.W3CHandshakeResponse.lambda$errorHandler$0(W3CHandshakeResponse.java:62)
at org.openqa.selenium.remote.HandshakeResponse.lambda$getResponseFunction$0(HandshakeResponse.java:30)
at org.openqa.selenium.remote.ProtocolHandshake.lambda$createSession$0(ProtocolHandshake.java:126)
at java.base/java.util.stream.ReferencePipeline$3$1.accept(ReferencePipeline.java:197)
at java.base/java.util.Spliterators$ArraySpliterator.tryAdvance(Spliterators.java:1002)
at java.base/java.util.stream.ReferencePipeline.forEachWithCancel(ReferencePipeline.java:129)
at java.base/java.util.stream.AbstractPipeline.copyIntoWithCancel(AbstractPipeline.java:527)
at java.base/java.util.stream.AbstractPipeline.copyInto(AbstractPipeline.java:513)
at java.base/java.util.stream.AbstractPipeline.wrapAndCopyInto(AbstractPipeline.java:499)
at java.base/java.util.stream.FindOps$FindOp.evaluateSequential(FindOps.java:150)
at java.base/java.util.stream.AbstractPipeline.evaluate(AbstractPipeline.java:234)
at java.base/java.util.stream.ReferencePipeline.findFirst(ReferencePipeline.java:647)
at org.openqa.selenium.remote.ProtocolHandshake.createSession(ProtocolHandshake.java:128)
at org.openqa.selenium.remote.ProtocolHandshake.createSession(ProtocolHandshake.java:74)
at org.openqa.selenium.remote.HttpCommandExecutor.execute(HttpCommandExecutor.java:136)
at org.openqa.selenium.remote.service.DriverCommandExecutor.execute(DriverCommandExecutor.java:83)
at org.openqa.selenium.remote.RemoteWebDriver.execute(RemoteWebDriver.java:552)
at org.openqa.selenium.remote.RemoteWebDriver.startSession(RemoteWebDriver.java:213)
at org.openqa.selenium.remote.RemoteWebDriver.<init>(RemoteWebDriver.java:131)
at org.openqa.selenium.chrome.ChromeDriver.<init>(ChromeDriver.java:181)
at org.openqa.selenium.chrome.ChromeDriver.<init>(ChromeDriver.java:168)
at org.openqa.selenium.chrome.ChromeDriver.<init>(ChromeDriver.java:123)
at baseLibrary.BaseLibrary.getlaunchurl(BaseLibrary.java:58)
at test.Textbox_test.getlaunchUrl(Textbox_test.java:18)
at java.base/jdk.internal.reflect.NativeMethodAccessorImpl.invoke0(Native Method)
at java.base/jdk.internal.reflect.NativeMethodAccessorImpl.invoke(NativeMethodAccessorImpl.java:77)
at java.base/jdk.internal.reflect.DelegatingMethodAccessorImpl.invoke(DelegatingMethodAccessorImpl.java:43)
at java.base/java.lang.reflect.Method.invoke(Method.java:568)
at org.testng.internal.MethodInvocationHelper.invokeMethod(MethodInvocationHelper.java:133)
at org.testng.internal.MethodInvocationHelper.invokeMethodConsideringTimeout(MethodInvocationHelper.java:62)
at org.testng.internal.ConfigInvoker.invokeConfigurationMethod(ConfigInvoker.java:385)
at org.testng.internal.ConfigInvoker.invokeConfigurations(ConfigInvoker.java:321)
at org.testng.TestRunner.invokeTestConfigurations(TestRunner.java:637)
at org.testng.TestRunner.beforeRun(TestRunner.java:627)
at org.testng.TestRunner.run(TestRunner.java:589)
at org.testng.SuiteRunner.runTest(SuiteRunner.java:377)
at org.testng.SuiteRunner.runSequentially(SuiteRunner.java:371)
at org.testng.SuiteRunner.privateRun(SuiteRunner.java:332)
at org.testng.SuiteRunner.run(SuiteRunner.java:276)
at org.testng.SuiteRunnerWorker.runSuite(SuiteRunnerWorker.java:53)
at org.testng.SuiteRunnerWorker.run(SuiteRunnerWorker.java:96)
at org.testng.TestNG.runSuitesSequentially(TestNG.java:1212)
at org.testng.TestNG.runSuitesLocally(TestNG.java:1134)
at org.testng.TestNG.runSuites(TestNG.java:1063)
at org.testng.TestNG.run(TestNG.java:1031)
at org.testng.remote.AbstractRemoteTestNG.run(AbstractRemoteTestNG.java:115)
at org.testng.remote.RemoteTestNG.initAndRun(RemoteTestNG.java:251)
at org.testng.remote.RemoteTestNG.main(RemoteTestNG.java:77)
]]>
            </full-stacktrace>
          </exception> <!-- org.openqa.selenium.SessionNotCreatedException -->
          <reporter-output>
          </reporter-output>
        </test-method> <!-- clickontextbox -->
        <test-method is-config="true" signature="getanalysis(org.testng.ITestResult)[pri:0, instance:test.Textbox_test@25084a1e]" started-at="2024-04-10T19:12:54 IST" name="getanalysis" finished-at="1970-01-01T05:30:00 IST" duration-ms="-1712756574448" status="SKIP">
          <reporter-output>
          </reporter-output>
        </test-method> <!-- getanalysis -->
        <test-method signature="filldetials()[pri:3, instance:test.Textbox_test@25084a1e]" started-at="2024-04-10T19:12:54 IST" name="filldetials" finished-at="2024-04-10T19:12:54 IST" duration-ms="0" status="SKIP">
          <exception class="org.openqa.selenium.SessionNotCreatedException">
            <message>
              <![CDATA[session not created: This version of ChromeDriver only supports Chrome version 107
Current browser version is 123.0.6312.106 with binary path C:\Program Files\Google\Chrome\Application\chrome.exe
Build info: version: '3.141.59', revision: 'e82be7d358', time: '2018-11-14T08:25:48'
System info: host: 'SWARAJ', ip: '192.168.79.185', os.name: 'Windows 10', os.arch: 'amd64', os.version: '10.0', java.version: '17.0.2'
Driver info: driver.version: ChromeDriver
remote stacktrace: Backtrace:
Ordinal0 [0x005AACD3+2075859]
Ordinal0 [0x0053EE61+1633889]
Ordinal0 [0x0043B7BD+571325]
Ordinal0 [0x0045DFCD+712653]
Ordinal0 [0x00459266+692838]
Ordinal0 [0x00456BE9+682985]
Ordinal0 [0x0048DBD3+908243]
Ordinal0 [0x0048D6AA+906922]
Ordinal0 [0x00487136+880950]
Ordinal0 [0x0045FEFD+720637]
Ordinal0 [0x00460F3F+724799]
GetHandleVerifier [0x0085EED2+2769538]
GetHandleVerifier [0x00850D95+2711877]
GetHandleVerifier [0x0063A03A+521194]
GetHandleVerifier [0x00638DA0+516432]
Ordinal0 [0x0054682C+1665068]
Ordinal0 [0x0054B128+1683752]
Ordinal0 [0x0054B215+1683989]
Ordinal0 [0x00556484+1729668]
BaseThreadInitThunk [0x75EA00F9+25]
RtlGetAppContainerNamedObjectPath [0x77337BBE+286]
RtlGetAppContainerNamedObjectPath [0x77337B8E+238]
]]>
            </message>
            <full-stacktrace>
              <![CDATA[org.openqa.selenium.SessionNotCreatedException: session not created: This version of ChromeDriver only supports Chrome version 107
Current browser version is 123.0.6312.106 with binary path C:\Program Files\Google\Chrome\Application\chrome.exe
Build info: version: '3.141.59', revision: 'e82be7d358', time: '2018-11-14T08:25:48'
System info: host: 'SWARAJ', ip: '192.168.79.185', os.name: 'Windows 10', os.arch: 'amd64', os.version: '10.0', java.version: '17.0.2'
Driver info: driver.version: ChromeDriver
remote stacktrace: Backtrace:
Ordinal0 [0x005AACD3+2075859]
Ordinal0 [0x0053EE61+1633889]
Ordinal0 [0x0043B7BD+571325]
Ordinal0 [0x0045DFCD+712653]
Ordinal0 [0x00459266+692838]
Ordinal0 [0x00456BE9+682985]
Ordinal0 [0x0048DBD3+908243]
Ordinal0 [0x0048D6AA+906922]
Ordinal0 [0x00487136+880950]
Ordinal0 [0x0045FEFD+720637]
Ordinal0 [0x00460F3F+724799]
GetHandleVerifier [0x0085EED2+2769538]
GetHandleVerifier [0x00850D95+2711877]
GetHandleVerifier [0x0063A03A+521194]
GetHandleVerifier [0x00638DA0+516432]
Ordinal0 [0x0054682C+1665068]
Ordinal0 [0x0054B128+1683752]
Ordinal0 [0x0054B215+1683989]
Ordinal0 [0x00556484+1729668]
BaseThreadInitThunk [0x75EA00F9+25]
RtlGetAppContainerNamedObjectPath [0x77337BBE+286]
RtlGetAppContainerNamedObjectPath [0x77337B8E+238]

at java.base/jdk.internal.reflect.NativeConstructorAccessorImpl.newInstance0(Native Method)
at java.base/jdk.internal.reflect.NativeConstructorAccessorImpl.newInstance(NativeConstructorAccessorImpl.java:77)
at java.base/jdk.internal.reflect.DelegatingConstructorAccessorImpl.newInstance(DelegatingConstructorAccessorImpl.java:45)
at java.base/java.lang.reflect.Constructor.newInstanceWithCaller(Constructor.java:499)
at java.base/java.lang.reflect.Constructor.newInstance(Constructor.java:480)
at org.openqa.selenium.remote.W3CHandshakeResponse.lambda$errorHandler$0(W3CHandshakeResponse.java:62)
at org.openqa.selenium.remote.HandshakeResponse.lambda$getResponseFunction$0(HandshakeResponse.java:30)
at org.openqa.selenium.remote.ProtocolHandshake.lambda$createSession$0(ProtocolHandshake.java:126)
at java.base/java.util.stream.ReferencePipeline$3$1.accept(ReferencePipeline.java:197)
at java.base/java.util.Spliterators$ArraySpliterator.tryAdvance(Spliterators.java:1002)
at java.base/java.util.stream.ReferencePipeline.forEachWithCancel(ReferencePipeline.java:129)
at java.base/java.util.stream.AbstractPipeline.copyIntoWithCancel(AbstractPipeline.java:527)
at java.base/java.util.stream.AbstractPipeline.copyInto(AbstractPipeline.java:513)
at java.base/java.util.stream.AbstractPipeline.wrapAndCopyInto(AbstractPipeline.java:499)
at java.base/java.util.stream.FindOps$FindOp.evaluateSequential(FindOps.java:150)
at java.base/java.util.stream.AbstractPipeline.evaluate(AbstractPipeline.java:234)
at java.base/java.util.stream.ReferencePipeline.findFirst(ReferencePipeline.java:647)
at org.openqa.selenium.remote.ProtocolHandshake.createSession(ProtocolHandshake.java:128)
at org.openqa.selenium.remote.ProtocolHandshake.createSession(ProtocolHandshake.java:74)
at org.openqa.selenium.remote.HttpCommandExecutor.execute(HttpCommandExecutor.java:136)
at org.openqa.selenium.remote.service.DriverCommandExecutor.execute(DriverCommandExecutor.java:83)
at org.openqa.selenium.remote.RemoteWebDriver.execute(RemoteWebDriver.java:552)
at org.openqa.selenium.remote.RemoteWebDriver.startSession(RemoteWebDriver.java:213)
at org.openqa.selenium.remote.RemoteWebDriver.<init>(RemoteWebDriver.java:131)
at org.openqa.selenium.chrome.ChromeDriver.<init>(ChromeDriver.java:181)
at org.openqa.selenium.chrome.ChromeDriver.<init>(ChromeDriver.java:168)
at org.openqa.selenium.chrome.ChromeDriver.<init>(ChromeDriver.java:123)
at baseLibrary.BaseLibrary.getlaunchurl(BaseLibrary.java:58)
at test.Textbox_test.getlaunchUrl(Textbox_test.java:18)
at java.base/jdk.internal.reflect.NativeMethodAccessorImpl.invoke0(Native Method)
at java.base/jdk.internal.reflect.NativeMethodAccessorImpl.invoke(NativeMethodAccessorImpl.java:77)
at java.base/jdk.internal.reflect.DelegatingMethodAccessorImpl.invoke(DelegatingMethodAccessorImpl.java:43)
at java.base/java.lang.reflect.Method.invoke(Method.java:568)
at org.testng.internal.MethodInvocationHelper.invokeMethod(MethodInvocationHelper.java:133)
at org.testng.internal.MethodInvocationHelper.invokeMethodConsideringTimeout(MethodInvocationHelper.java:62)
at org.testng.internal.ConfigInvoker.invokeConfigurationMethod(ConfigInvoker.java:385)
at org.testng.internal.ConfigInvoker.invokeConfigurations(ConfigInvoker.java:321)
at org.testng.TestRunner.invokeTestConfigurations(TestRunner.java:637)
at org.testng.TestRunner.beforeRun(TestRunner.java:627)
at org.testng.TestRunner.run(TestRunner.java:589)
at org.testng.SuiteRunner.runTest(SuiteRunner.java:377)
at org.testng.SuiteRunner.runSequentially(SuiteRunner.java:371)
at org.testng.SuiteRunner.privateRun(SuiteRunner.java:332)
at org.testng.SuiteRunner.run(SuiteRunner.java:276)
at org.testng.SuiteRunnerWorker.runSuite(SuiteRunnerWorker.java:53)
at org.testng.SuiteRunnerWorker.run(SuiteRunnerWorker.java:96)
at org.testng.TestNG.runSuitesSequentially(TestNG.java:1212)
at org.testng.TestNG.runSuitesLocally(TestNG.java:1134)
at org.testng.TestNG.runSuites(TestNG.java:1063)
at org.testng.TestNG.run(TestNG.java:1031)
at org.testng.remote.AbstractRemoteTestNG.run(AbstractRemoteTestNG.java:115)
at org.testng.remote.RemoteTestNG.initAndRun(RemoteTestNG.java:251)
at org.testng.remote.RemoteTestNG.main(RemoteTestNG.java:77)
]]>
            </full-stacktrace>
          </exception> <!-- org.openqa.selenium.SessionNotCreatedException -->
          <reporter-output>
          </reporter-output>
        </test-method> <!-- filldetials -->
        <test-method is-config="true" signature="getanalysis(org.testng.ITestResult)[pri:0, instance:test.Textbox_test@25084a1e]" started-at="2024-04-10T19:12:54 IST" name="getanalysis" finished-at="1970-01-01T05:30:00 IST" duration-ms="-1712756574465" status="SKIP">
          <reporter-output>
          </reporter-output>
        </test-method> <!-- getanalysis -->
        <test-method signature="clickonsubmit()[pri:4, instance:test.Textbox_test@25084a1e]" started-at="2024-04-10T19:12:54 IST" name="clickonsubmit" finished-at="2024-04-10T19:12:54 IST" duration-ms="0" status="SKIP">
          <exception class="org.openqa.selenium.SessionNotCreatedException">
            <message>
              <![CDATA[session not created: This version of ChromeDriver only supports Chrome version 107
Current browser version is 123.0.6312.106 with binary path C:\Program Files\Google\Chrome\Application\chrome.exe
Build info: version: '3.141.59', revision: 'e82be7d358', time: '2018-11-14T08:25:48'
System info: host: 'SWARAJ', ip: '192.168.79.185', os.name: 'Windows 10', os.arch: 'amd64', os.version: '10.0', java.version: '17.0.2'
Driver info: driver.version: ChromeDriver
remote stacktrace: Backtrace:
Ordinal0 [0x005AACD3+2075859]
Ordinal0 [0x0053EE61+1633889]
Ordinal0 [0x0043B7BD+571325]
Ordinal0 [0x0045DFCD+712653]
Ordinal0 [0x00459266+692838]
Ordinal0 [0x00456BE9+682985]
Ordinal0 [0x0048DBD3+908243]
Ordinal0 [0x0048D6AA+906922]
Ordinal0 [0x00487136+880950]
Ordinal0 [0x0045FEFD+720637]
Ordinal0 [0x00460F3F+724799]
GetHandleVerifier [0x0085EED2+2769538]
GetHandleVerifier [0x00850D95+2711877]
GetHandleVerifier [0x0063A03A+521194]
GetHandleVerifier [0x00638DA0+516432]
Ordinal0 [0x0054682C+1665068]
Ordinal0 [0x0054B128+1683752]
Ordinal0 [0x0054B215+1683989]
Ordinal0 [0x00556484+1729668]
BaseThreadInitThunk [0x75EA00F9+25]
RtlGetAppContainerNamedObjectPath [0x77337BBE+286]
RtlGetAppContainerNamedObjectPath [0x77337B8E+238]
]]>
            </message>
            <full-stacktrace>
              <![CDATA[org.openqa.selenium.SessionNotCreatedException: session not created: This version of ChromeDriver only supports Chrome version 107
Current browser version is 123.0.6312.106 with binary path C:\Program Files\Google\Chrome\Application\chrome.exe
Build info: version: '3.141.59', revision: 'e82be7d358', time: '2018-11-14T08:25:48'
System info: host: 'SWARAJ', ip: '192.168.79.185', os.name: 'Windows 10', os.arch: 'amd64', os.version: '10.0', java.version: '17.0.2'
Driver info: driver.version: ChromeDriver
remote stacktrace: Backtrace:
Ordinal0 [0x005AACD3+2075859]
Ordinal0 [0x0053EE61+1633889]
Ordinal0 [0x0043B7BD+571325]
Ordinal0 [0x0045DFCD+712653]
Ordinal0 [0x00459266+692838]
Ordinal0 [0x00456BE9+682985]
Ordinal0 [0x0048DBD3+908243]
Ordinal0 [0x0048D6AA+906922]
Ordinal0 [0x00487136+880950]
Ordinal0 [0x0045FEFD+720637]
Ordinal0 [0x00460F3F+724799]
GetHandleVerifier [0x0085EED2+2769538]
GetHandleVerifier [0x00850D95+2711877]
GetHandleVerifier [0x0063A03A+521194]
GetHandleVerifier [0x00638DA0+516432]
Ordinal0 [0x0054682C+1665068]
Ordinal0 [0x0054B128+1683752]
Ordinal0 [0x0054B215+1683989]
Ordinal0 [0x00556484+1729668]
BaseThreadInitThunk [0x75EA00F9+25]
RtlGetAppContainerNamedObjectPath [0x77337BBE+286]
RtlGetAppContainerNamedObjectPath [0x77337B8E+238]

at java.base/jdk.internal.reflect.NativeConstructorAccessorImpl.newInstance0(Native Method)
at java.base/jdk.internal.reflect.NativeConstructorAccessorImpl.newInstance(NativeConstructorAccessorImpl.java:77)
at java.base/jdk.internal.reflect.DelegatingConstructorAccessorImpl.newInstance(DelegatingConstructorAccessorImpl.java:45)
at java.base/java.lang.reflect.Constructor.newInstanceWithCaller(Constructor.java:499)
at java.base/java.lang.reflect.Constructor.newInstance(Constructor.java:480)
at org.openqa.selenium.remote.W3CHandshakeResponse.lambda$errorHandler$0(W3CHandshakeResponse.java:62)
at org.openqa.selenium.remote.HandshakeResponse.lambda$getResponseFunction$0(HandshakeResponse.java:30)
at org.openqa.selenium.remote.ProtocolHandshake.lambda$createSession$0(ProtocolHandshake.java:126)
at java.base/java.util.stream.ReferencePipeline$3$1.accept(ReferencePipeline.java:197)
at java.base/java.util.Spliterators$ArraySpliterator.tryAdvance(Spliterators.java:1002)
at java.base/java.util.stream.ReferencePipeline.forEachWithCancel(ReferencePipeline.java:129)
at java.base/java.util.stream.AbstractPipeline.copyIntoWithCancel(AbstractPipeline.java:527)
at java.base/java.util.stream.AbstractPipeline.copyInto(AbstractPipeline.java:513)
at java.base/java.util.stream.AbstractPipeline.wrapAndCopyInto(AbstractPipeline.java:499)
at java.base/java.util.stream.FindOps$FindOp.evaluateSequential(FindOps.java:150)
at java.base/java.util.stream.AbstractPipeline.evaluate(AbstractPipeline.java:234)
at java.base/java.util.stream.ReferencePipeline.findFirst(ReferencePipeline.java:647)
at org.openqa.selenium.remote.ProtocolHandshake.createSession(ProtocolHandshake.java:128)
at org.openqa.selenium.remote.ProtocolHandshake.createSession(ProtocolHandshake.java:74)
at org.openqa.selenium.remote.HttpCommandExecutor.execute(HttpCommandExecutor.java:136)
at org.openqa.selenium.remote.service.DriverCommandExecutor.execute(DriverCommandExecutor.java:83)
at org.openqa.selenium.remote.RemoteWebDriver.execute(RemoteWebDriver.java:552)
at org.openqa.selenium.remote.RemoteWebDriver.startSession(RemoteWebDriver.java:213)
at org.openqa.selenium.remote.RemoteWebDriver.<init>(RemoteWebDriver.java:131)
at org.openqa.selenium.chrome.ChromeDriver.<init>(ChromeDriver.java:181)
at org.openqa.selenium.chrome.ChromeDriver.<init>(ChromeDriver.java:168)
at org.openqa.selenium.chrome.ChromeDriver.<init>(ChromeDriver.java:123)
at baseLibrary.BaseLibrary.getlaunchurl(BaseLibrary.java:58)
at test.Textbox_test.getlaunchUrl(Textbox_test.java:18)
at java.base/jdk.internal.reflect.NativeMethodAccessorImpl.invoke0(Native Method)
at java.base/jdk.internal.reflect.NativeMethodAccessorImpl.invoke(NativeMethodAccessorImpl.java:77)
at java.base/jdk.internal.reflect.DelegatingMethodAccessorImpl.invoke(DelegatingMethodAccessorImpl.java:43)
at java.base/java.lang.reflect.Method.invoke(Method.java:568)
at org.testng.internal.MethodInvocationHelper.invokeMethod(MethodInvocationHelper.java:133)
at org.testng.internal.MethodInvocationHelper.invokeMethodConsideringTimeout(MethodInvocationHelper.java:62)
at org.testng.internal.ConfigInvoker.invokeConfigurationMethod(ConfigInvoker.java:385)
at org.testng.internal.ConfigInvoker.invokeConfigurations(ConfigInvoker.java:321)
at org.testng.TestRunner.invokeTestConfigurations(TestRunner.java:637)
at org.testng.TestRunner.beforeRun(TestRunner.java:627)
at org.testng.TestRunner.run(TestRunner.java:589)
at org.testng.SuiteRunner.runTest(SuiteRunner.java:377)
at org.testng.SuiteRunner.runSequentially(SuiteRunner.java:371)
at org.testng.SuiteRunner.privateRun(SuiteRunner.java:332)
at org.testng.SuiteRunner.run(SuiteRunner.java:276)
at org.testng.SuiteRunnerWorker.runSuite(SuiteRunnerWorker.java:53)
at org.testng.SuiteRunnerWorker.run(SuiteRunnerWorker.java:96)
at org.testng.TestNG.runSuitesSequentially(TestNG.java:1212)
at org.testng.TestNG.runSuitesLocally(TestNG.java:1134)
at org.testng.TestNG.runSuites(TestNG.java:1063)
at org.testng.TestNG.run(TestNG.java:1031)
at org.testng.remote.AbstractRemoteTestNG.run(AbstractRemoteTestNG.java:115)
at org.testng.remote.RemoteTestNG.initAndRun(RemoteTestNG.java:251)
at org.testng.remote.RemoteTestNG.main(RemoteTestNG.java:77)
]]>
            </full-stacktrace>
          </exception> <!-- org.openqa.selenium.SessionNotCreatedException -->
          <reporter-output>
          </reporter-output>
        </test-method> <!-- clickonsubmit -->
        <test-method is-config="true" signature="getanalysis(org.testng.ITestResult)[pri:0, instance:test.Textbox_test@25084a1e]" started-at="2024-04-10T19:12:54 IST" name="getanalysis" finished-at="1970-01-01T05:30:00 IST" duration-ms="-1712756574535" status="SKIP">
          <reporter-output>
          </reporter-output>
        </test-method> <!-- getanalysis -->
        <test-method signature="getdetails()[pri:5, instance:test.Textbox_test@25084a1e]" started-at="2024-04-10T19:12:54 IST" name="getdetails" finished-at="2024-04-10T19:12:54 IST" duration-ms="0" status="SKIP">
          <exception class="org.openqa.selenium.SessionNotCreatedException">
            <message>
              <![CDATA[session not created: This version of ChromeDriver only supports Chrome version 107
Current browser version is 123.0.6312.106 with binary path C:\Program Files\Google\Chrome\Application\chrome.exe
Build info: version: '3.141.59', revision: 'e82be7d358', time: '2018-11-14T08:25:48'
System info: host: 'SWARAJ', ip: '192.168.79.185', os.name: 'Windows 10', os.arch: 'amd64', os.version: '10.0', java.version: '17.0.2'
Driver info: driver.version: ChromeDriver
remote stacktrace: Backtrace:
Ordinal0 [0x005AACD3+2075859]
Ordinal0 [0x0053EE61+1633889]
Ordinal0 [0x0043B7BD+571325]
Ordinal0 [0x0045DFCD+712653]
Ordinal0 [0x00459266+692838]
Ordinal0 [0x00456BE9+682985]
Ordinal0 [0x0048DBD3+908243]
Ordinal0 [0x0048D6AA+906922]
Ordinal0 [0x00487136+880950]
Ordinal0 [0x0045FEFD+720637]
Ordinal0 [0x00460F3F+724799]
GetHandleVerifier [0x0085EED2+2769538]
GetHandleVerifier [0x00850D95+2711877]
GetHandleVerifier [0x0063A03A+521194]
GetHandleVerifier [0x00638DA0+516432]
Ordinal0 [0x0054682C+1665068]
Ordinal0 [0x0054B128+1683752]
Ordinal0 [0x0054B215+1683989]
Ordinal0 [0x00556484+1729668]
BaseThreadInitThunk [0x75EA00F9+25]
RtlGetAppContainerNamedObjectPath [0x77337BBE+286]
RtlGetAppContainerNamedObjectPath [0x77337B8E+238]
]]>
            </message>
            <full-stacktrace>
              <![CDATA[org.openqa.selenium.SessionNotCreatedException: session not created: This version of ChromeDriver only supports Chrome version 107
Current browser version is 123.0.6312.106 with binary path C:\Program Files\Google\Chrome\Application\chrome.exe
Build info: version: '3.141.59', revision: 'e82be7d358', time: '2018-11-14T08:25:48'
System info: host: 'SWARAJ', ip: '192.168.79.185', os.name: 'Windows 10', os.arch: 'amd64', os.version: '10.0', java.version: '17.0.2'
Driver info: driver.version: ChromeDriver
remote stacktrace: Backtrace:
Ordinal0 [0x005AACD3+2075859]
Ordinal0 [0x0053EE61+1633889]
Ordinal0 [0x0043B7BD+571325]
Ordinal0 [0x0045DFCD+712653]
Ordinal0 [0x00459266+692838]
Ordinal0 [0x00456BE9+682985]
Ordinal0 [0x0048DBD3+908243]
Ordinal0 [0x0048D6AA+906922]
Ordinal0 [0x00487136+880950]
Ordinal0 [0x0045FEFD+720637]
Ordinal0 [0x00460F3F+724799]
GetHandleVerifier [0x0085EED2+2769538]
GetHandleVerifier [0x00850D95+2711877]
GetHandleVerifier [0x0063A03A+521194]
GetHandleVerifier [0x00638DA0+516432]
Ordinal0 [0x0054682C+1665068]
Ordinal0 [0x0054B128+1683752]
Ordinal0 [0x0054B215+1683989]
Ordinal0 [0x00556484+1729668]
BaseThreadInitThunk [0x75EA00F9+25]
RtlGetAppContainerNamedObjectPath [0x77337BBE+286]
RtlGetAppContainerNamedObjectPath [0x77337B8E+238]

at java.base/jdk.internal.reflect.NativeConstructorAccessorImpl.newInstance0(Native Method)
at java.base/jdk.internal.reflect.NativeConstructorAccessorImpl.newInstance(NativeConstructorAccessorImpl.java:77)
at java.base/jdk.internal.reflect.DelegatingConstructorAccessorImpl.newInstance(DelegatingConstructorAccessorImpl.java:45)
at java.base/java.lang.reflect.Constructor.newInstanceWithCaller(Constructor.java:499)
at java.base/java.lang.reflect.Constructor.newInstance(Constructor.java:480)
at org.openqa.selenium.remote.W3CHandshakeResponse.lambda$errorHandler$0(W3CHandshakeResponse.java:62)
at org.openqa.selenium.remote.HandshakeResponse.lambda$getResponseFunction$0(HandshakeResponse.java:30)
at org.openqa.selenium.remote.ProtocolHandshake.lambda$createSession$0(ProtocolHandshake.java:126)
at java.base/java.util.stream.ReferencePipeline$3$1.accept(ReferencePipeline.java:197)
at java.base/java.util.Spliterators$ArraySpliterator.tryAdvance(Spliterators.java:1002)
at java.base/java.util.stream.ReferencePipeline.forEachWithCancel(ReferencePipeline.java:129)
at java.base/java.util.stream.AbstractPipeline.copyIntoWithCancel(AbstractPipeline.java:527)
at java.base/java.util.stream.AbstractPipeline.copyInto(AbstractPipeline.java:513)
at java.base/java.util.stream.AbstractPipeline.wrapAndCopyInto(AbstractPipeline.java:499)
at java.base/java.util.stream.FindOps$FindOp.evaluateSequential(FindOps.java:150)
at java.base/java.util.stream.AbstractPipeline.evaluate(AbstractPipeline.java:234)
at java.base/java.util.stream.ReferencePipeline.findFirst(ReferencePipeline.java:647)
at org.openqa.selenium.remote.ProtocolHandshake.createSession(ProtocolHandshake.java:128)
at org.openqa.selenium.remote.ProtocolHandshake.createSession(ProtocolHandshake.java:74)
at org.openqa.selenium.remote.HttpCommandExecutor.execute(HttpCommandExecutor.java:136)
at org.openqa.selenium.remote.service.DriverCommandExecutor.execute(DriverCommandExecutor.java:83)
at org.openqa.selenium.remote.RemoteWebDriver.execute(RemoteWebDriver.java:552)
at org.openqa.selenium.remote.RemoteWebDriver.startSession(RemoteWebDriver.java:213)
at org.openqa.selenium.remote.RemoteWebDriver.<init>(RemoteWebDriver.java:131)
at org.openqa.selenium.chrome.ChromeDriver.<init>(ChromeDriver.java:181)
at org.openqa.selenium.chrome.ChromeDriver.<init>(ChromeDriver.java:168)
at org.openqa.selenium.chrome.ChromeDriver.<init>(ChromeDriver.java:123)
at baseLibrary.BaseLibrary.getlaunchurl(BaseLibrary.java:58)
at test.Textbox_test.getlaunchUrl(Textbox_test.java:18)
at java.base/jdk.internal.reflect.NativeMethodAccessorImpl.invoke0(Native Method)
at java.base/jdk.internal.reflect.NativeMethodAccessorImpl.invoke(NativeMethodAccessorImpl.java:77)
at java.base/jdk.internal.reflect.DelegatingMethodAccessorImpl.invoke(DelegatingMethodAccessorImpl.java:43)
at java.base/java.lang.reflect.Method.invoke(Method.java:568)
at org.testng.internal.MethodInvocationHelper.invokeMethod(MethodInvocationHelper.java:133)
at org.testng.internal.MethodInvocationHelper.invokeMethodConsideringTimeout(MethodInvocationHelper.java:62)
at org.testng.internal.ConfigInvoker.invokeConfigurationMethod(ConfigInvoker.java:385)
at org.testng.internal.ConfigInvoker.invokeConfigurations(ConfigInvoker.java:321)
at org.testng.TestRunner.invokeTestConfigurations(TestRunner.java:637)
at org.testng.TestRunner.beforeRun(TestRunner.java:627)
at org.testng.TestRunner.run(TestRunner.java:589)
at org.testng.SuiteRunner.runTest(SuiteRunner.java:377)
at org.testng.SuiteRunner.runSequentially(SuiteRunner.java:371)
at org.testng.SuiteRunner.privateRun(SuiteRunner.java:332)
at org.testng.SuiteRunner.run(SuiteRunner.java:276)
at org.testng.SuiteRunnerWorker.runSuite(SuiteRunnerWorker.java:53)
at org.testng.SuiteRunnerWorker.run(SuiteRunnerWorker.java:96)
at org.testng.TestNG.runSuitesSequentially(TestNG.java:1212)
at org.testng.TestNG.runSuitesLocally(TestNG.java:1134)
at org.testng.TestNG.runSuites(TestNG.java:1063)
at org.testng.TestNG.run(TestNG.java:1031)
at org.testng.remote.AbstractRemoteTestNG.run(AbstractRemoteTestNG.java:115)
at org.testng.remote.RemoteTestNG.initAndRun(RemoteTestNG.java:251)
at org.testng.remote.RemoteTestNG.main(RemoteTestNG.java:77)
]]>
            </full-stacktrace>
          </exception> <!-- org.openqa.selenium.SessionNotCreatedException -->
          <reporter-output>
          </reporter-output>
        </test-method> <!-- getdetails -->
        <test-method is-config="true" signature="getanalysis(org.testng.ITestResult)[pri:0, instance:test.Textbox_test@25084a1e]" started-at="2024-04-10T19:12:54 IST" name="getanalysis" finished-at="1970-01-01T05:30:00 IST" duration-ms="-1712756574579" status="SKIP">
          <reporter-output>
          </reporter-output>
        </test-method> <!-- getanalysis -->
        <test-method is-config="true" signature="getflush()[pri:0, instance:test.Textbox_test@25084a1e]" started-at="2024-04-10T19:12:54 IST" name="getflush" finished-at="1970-01-01T05:30:00 IST" duration-ms="-1712756574597" status="SKIP">
          <reporter-output>
          </reporter-output>
        </test-method> <!-- getflush -->
      </class> <!-- test.Textbox_test -->
    </test> <!-- Textbox_test -->
  </suite> <!-- Testing_BABA -->
</testng-results>
